Using pre-set license
Built from '2020.3/staging' branch; Version is '2020.3.0f1 (c7b5465681fb) revision 13088070'; Using compiler version '192528614'; Build Type 'Release'
OS: 'Windows 10 Home; OS build 19042.985; Version 2009; 64bit' Language: 'en' Physical Memory: 15970 MB
BatchMode: 1, IsHumanControllingUs: 0, StartBugReporterOnCrash: 0, Is64bit: 1, IsPro: 0

 COMMAND LINE ARGUMENTS:
C:\Program Files\Unity\Hub\Editor\2020.3.0f1\Editor\Unity.exe
-adb2
-batchMode
-noUpm
-name
AssetImportWorker0
-projectPath
C:/Users/csviv/Desktop/unity/beyondGarden
-logFile
Logs/AssetImportWorker0.log
-srvPort
54353
Successfully changed project path to: C:/Users/csviv/Desktop/unity/beyondGarden
C:/Users/csviv/Desktop/unity/beyondGarden
Using Asset Import Pipeline V2.
Refreshing native plugins compatible for Editor in 122.80 ms, found 3 plugins.
Preloading 0 native plugins for Editor in 0.00 ms.
Initialize engine version: 2020.3.0f1 (c7b5465681fb)
[Subsystems] Discovering subsystems at path C:/Program Files/Unity/Hub/Editor/2020.3.0f1/Editor/Data/Resources/UnitySubsystems
[Subsystems] Discovering subsystems at path C:/Users/csviv/Desktop/unity/beyondGarden/Assets
GfxDevice: creating device client; threaded=0
Direct3D:
    Version:  Direct3D 11.0 [level 11.1]
    Renderer: Intel(R) Iris(R) Plus Graphics (ID=0x8a52)
    Vendor:   
    VRAM:     7985 MB
    Driver:   27.20.100.8681
Shader 'Universal Render Pipeline/Particles/Lit': fallback shader 'Universal Render Pipeline/Particles/SimpleLit' not found
Initialize mono
Mono path[0] = 'C:/Program Files/Unity/Hub/Editor/2020.3.0f1/Editor/Data/Managed'
Mono path[1] = 'C:/Program Files/Unity/Hub/Editor/2020.3.0f1/Editor/Data/MonoBleedingEdge/lib/mono/unityjit'
Mono config path = 'C:/Program Files/Unity/Hub/Editor/2020.3.0f1/Editor/Data/MonoBleedingEdge/etc'
Using monoOptions --debugger-agent=transport=dt_socket,embedding=1,server=y,suspend=n,address=127.0.0.1:56728
Begin MonoManager ReloadAssembly
Registering precompiled unity dll's ...
Register platform support module: C:/Program Files/Unity/Hub/Editor/2020.3.0f1/Editor/Data/PlaybackEngines/WebGLSupport/UnityEditor.WebGL.Extensions.dll
Register platform support module: C:/Program Files/Unity/Hub/Editor/2020.3.0f1/Editor/Data/PlaybackEngines/WindowsStandaloneSupport/UnityEditor.WindowsStandalone.Extensions.dll
Registered in 0.004613 seconds.
Native extension for WindowsStandalone target not found
Native extension for WebGL target not found
Refreshing native plugins compatible for Editor in 108.17 ms, found 3 plugins.
Preloading 0 native plugins for Editor in 0.00 ms.
Invoked RoslynAnalysisRunner static constructor.
RoslynAnalysisRunner will not be running.
RoslynAnalysisRunner has terminated.
Mono: successfully reloaded assembly
- Completed reload, in  1.270 seconds
Platform modules already initialized, skipping
Registering precompiled user dll's ...
Registered in 0.004057 seconds.
Begin MonoManager ReloadAssembly
Native extension for WindowsStandalone target not found
Native extension for WebGL target not found
Refreshing native plugins compatible for Editor in 127.86 ms, found 3 plugins.
Preloading 0 native plugins for Editor in 0.00 ms.
Invoked RoslynAnalysisRunner static constructor.
RoslynAnalysisRunner will not be running.
RoslynAnalysisRunner has terminated.
RefreshInfo: StopAssetImportingV2(NoUpdateAssetOptions) scanfilter: 
RefreshProfiler: Total: 0.000ms
Mono: successfully reloaded assembly
- Completed reload, in  1.273 seconds
Platform modules already initialized, skipping
========================================================================
Worker process is ready to serve import requests
Shader 'Universal Render Pipeline/Particles/Lit': fallback shader 'Universal Render Pipeline/Particles/SimpleLit' not found
Launched and connected shader compiler UnityShaderCompiler.exe after 0.06 seconds
Refreshing native plugins compatible for Editor in 1.16 ms, found 3 plugins.
Preloading 0 native plugins for Editor in 0.00 ms.
Unloading 8 Unused Serialized files (Serialized files now loaded: 0)
System memory in use before: 80.7 MB.
System memory in use after: 81.0 MB.

Unloading 81 unused Assets to reduce memory usage. Loaded Objects now: 4660.
Total: 2.912300 ms (FindLiveObjects: 0.436400 ms CreateObjectMapping: 0.215800 ms MarkObjects: 2.159000 ms  DeleteObjects: 0.099900 ms)

========================================================================
Received Import Request.
  path: Assets/Prefabs/UI/ToCollectItem.prefab
  artifactKey: Guid(78dc610f33f8ada46aeca6464421562c) Importer(815301076,1909f56bfc062723c751e8b465ee728b)
Start importing Assets/Prefabs/UI/ToCollectItem.prefab using Guid(78dc610f33f8ada46aeca6464421562c) Importer(815301076,1909f56bfc062723c751e8b465ee728b)  -> (artifact id: '8ea7f3973d10a56bc810ba1605207661') in 0.162492 seconds
  Import took 0.172534 seconds .

========================================================================
Received Import Request.
  Time since last request: 42.792222 seconds.
  path: Assets/Resources/prefabs/iconFlyToSpot.prefab
  artifactKey: Guid(517a6db09d418ea4a99693bf20b4c9b1) Importer(815301076,1909f56bfc062723c751e8b465ee728b)
Start importing Assets/Resources/prefabs/iconFlyToSpot.prefab using Guid(517a6db09d418ea4a99693bf20b4c9b1) Importer(815301076,1909f56bfc062723c751e8b465ee728b)  -> (artifact id: 'd5f7709fbdb67e7482cd6ae5b81ca0b1') in 0.021322 seconds
  Import took 0.030166 seconds .

========================================================================
Received Import Request.
  Time since last request: 0.010403 seconds.
  path: Assets/Resources/prefabs/iconFlyToSpot.prefab
  artifactKey: Guid(517a6db09d418ea4a99693bf20b4c9b1) Importer(815301076,1909f56bfc062723c751e8b465ee728b)
Start importing Assets/Resources/prefabs/iconFlyToSpot.prefab using Guid(517a6db09d418ea4a99693bf20b4c9b1) Importer(815301076,1909f56bfc062723c751e8b465ee728b)  -> (artifact id: 'd5f7709fbdb67e7482cd6ae5b81ca0b1') in 0.011627 seconds
  Import took 0.020377 seconds .

========================================================================
Received Import Request.
  Time since last request: 6.950614 seconds.
  path: Assets/Resources/prefabs/ToCollectItem 1.prefab
  artifactKey: Guid(02279b4c5c3cb0f409ffc66529ff95d9) Importer(815301076,1909f56bfc062723c751e8b465ee728b)
Start importing Assets/Resources/prefabs/ToCollectItem 1.prefab using Guid(02279b4c5c3cb0f409ffc66529ff95d9) Importer(815301076,1909f56bfc062723c751e8b465ee728b)  -> (artifact id: 'b83e36ce5cd5ccaa79413f174904ba23') in 0.017694 seconds
  Import took 0.026076 seconds .

========================================================================
Received Import Request.
  Time since last request: 10.081611 seconds.
  path: Assets/Resources/prefabs/clickToCollectBattle.prefab
  artifactKey: Guid(02279b4c5c3cb0f409ffc66529ff95d9) Importer(815301076,1909f56bfc062723c751e8b465ee728b)
Start importing Assets/Resources/prefabs/clickToCollectBattle.prefab using Guid(02279b4c5c3cb0f409ffc66529ff95d9) Importer(815301076,1909f56bfc062723c751e8b465ee728b)  -> (artifact id: '90fdf5498129719814fd5dd93734fd76') in 0.015619 seconds
  Import took 0.024726 seconds .

========================================================================
Received Prepare
Registering precompiled user dll's ...
Registered in 0.007476 seconds.
Begin MonoManager ReloadAssembly
Native extension for WindowsStandalone target not found
Native extension for WebGL target not found
Refreshing native plugins compatible for Editor in 1.36 ms, found 3 plugins.
Preloading 0 native plugins for Editor in 0.00 ms.
Invoked RoslynAnalysisRunner static constructor.
RoslynAnalysisRunner will not be running.
RoslynAnalysisRunner has terminated.
RefreshInfo: StopAssetImportingV2(NoUpdateAssetOptions) scanfilter: 
RefreshProfiler: Total: 0.000ms
Mono: successfully reloaded assembly
- Completed reload, in  1.064 seconds
Platform modules already initialized, skipping
Shader 'Universal Render Pipeline/Particles/Lit': fallback shader 'Universal Render Pipeline/Particles/SimpleLit' not found
Refreshing native plugins compatible for Editor in 1.22 ms, found 3 plugins.
Preloading 0 native plugins for Editor in 0.00 ms.
Unloading 2 Unused Serialized files (Serialized files now loaded: 0)
System memory in use before: 83.7 MB.
System memory in use after: 84.0 MB.

Unloading 70 unused Assets to reduce memory usage. Loaded Objects now: 4670.
Total: 2.643400 ms (FindLiveObjects: 0.371500 ms CreateObjectMapping: 0.151000 ms MarkObjects: 2.053900 ms  DeleteObjects: 0.065700 ms)

========================================================================
Received Import Request.
  Time since last request: 83.726914 seconds.
  path: Assets/Resources/prefabs/clickToCollectBattle.prefab
  artifactKey: Guid(02279b4c5c3cb0f409ffc66529ff95d9) Importer(815301076,1909f56bfc062723c751e8b465ee728b)
Start importing Assets/Resources/prefabs/clickToCollectBattle.prefab using Guid(02279b4c5c3cb0f409ffc66529ff95d9) Importer(815301076,1909f56bfc062723c751e8b465ee728b)  -> (artifact id: 'efcf5d4a2a3a69820ea213260d9d2a5f') in 0.065459 seconds
  Import took 0.073917 seconds .

========================================================================
Received Import Request.
  Time since last request: 0.966687 seconds.
  path: Assets/Resources/prefabs/clickToCollectBattle.prefab
  artifactKey: Guid(02279b4c5c3cb0f409ffc66529ff95d9) Importer(815301076,1909f56bfc062723c751e8b465ee728b)
Start importing Assets/Resources/prefabs/clickToCollectBattle.prefab using Guid(02279b4c5c3cb0f409ffc66529ff95d9) Importer(815301076,1909f56bfc062723c751e8b465ee728b)  -> (artifact id: 'f85dd289fcca013573d76b9dcb6da68d') in 0.020568 seconds
  Import took 0.031771 seconds .

========================================================================
Received Import Request.
  Time since last request: 9.004340 seconds.
  path: Assets/amalgamated/Scenes/dungeonTest.unity
  artifactKey: Guid(2718a21f229b803418e767a2baf1cecc) Importer(815301076,1909f56bfc062723c751e8b465ee728b)
Start importing Assets/amalgamated/Scenes/dungeonTest.unity using Guid(2718a21f229b803418e767a2baf1cecc) Importer(815301076,1909f56bfc062723c751e8b465ee728b)  -> (artifact id: '90e0491cc00edec15587d89cae3fe5d4') in 0.010715 seconds
  Import took 0.019151 seconds .

AssetImportWorkerClient::OnTransportError - code=2 error=End of file
